0 info it worked if it ends with ok
1 verbose cli [ '/usr/bin/nodejs',
1 verbose cli   '/usr/bin/npm',
1 verbose cli   'install',
1 verbose cli   'jshint-stylish',
1 verbose cli   '--save-dev' ]
2 info using npm@1.3.10
3 info using node@v0.10.25
4 verbose readDependencies using package.json deps
5 verbose cache add [ 'jshint-stylish', null ]
6 verbose cache add name=undefined spec="jshint-stylish" args=["jshint-stylish",null]
7 verbose parsed url { protocol: null,
7 verbose parsed url   slashes: null,
7 verbose parsed url   auth: null,
7 verbose parsed url   host: null,
7 verbose parsed url   port: null,
7 verbose parsed url   hostname: null,
7 verbose parsed url   hash: null,
7 verbose parsed url   search: null,
7 verbose parsed url   query: null,
7 verbose parsed url   pathname: 'jshint-stylish',
7 verbose parsed url   path: 'jshint-stylish',
7 verbose parsed url   href: 'jshint-stylish' }
8 silly lockFile 22813634-jshint-stylish jshint-stylish
9 verbose lock jshint-stylish /home/soyaku/.npm/22813634-jshint-stylish.lock
10 silly lockFile 22813634-jshint-stylish jshint-stylish
11 silly lockFile 22813634-jshint-stylish jshint-stylish
12 verbose addNamed [ 'jshint-stylish', '' ]
13 verbose addNamed [ null, '*' ]
14 silly lockFile f26fdf17-jshint-stylish jshint-stylish@
15 verbose lock jshint-stylish@ /home/soyaku/.npm/f26fdf17-jshint-stylish.lock
16 silly addNameRange { name: 'jshint-stylish', range: '*', hasData: false }
17 verbose url raw jshint-stylish
18 verbose url resolving [ 'https://registry.npmjs.org/', './jshint-stylish' ]
19 verbose url resolved https://registry.npmjs.org/jshint-stylish
20 info trying registry request attempt 1 at 09:43:29
21 http GET https://registry.npmjs.org/jshint-stylish
22 http 200 https://registry.npmjs.org/jshint-stylish
23 silly registry.get cb [ 200,
23 silly registry.get   { date: 'Wed, 10 Sep 2014 14:43:29 GMT',
23 silly registry.get     server: 'CouchDB/1.5.0 (Erlang OTP/R16B03)',
23 silly registry.get     etag: '"E3JMWY3SPD8H3F5PCWUW6YGP1"',
23 silly registry.get     'content-type': 'application/json',
23 silly registry.get     'cache-control': 'max-age=60',
23 silly registry.get     'content-length': '12411',
23 silly registry.get     'accept-ranges': 'bytes',
23 silly registry.get     via: '1.1 varnish',
23 silly registry.get     age: '1259',
23 silly registry.get     'x-served-by': 'cache-dfw1825-DFW',
23 silly registry.get     'x-cache': 'HIT',
23 silly registry.get     'x-cache-hits': '1',
23 silly registry.get     'x-timer': 'S1410360209.745381,VS0,VE73',
23 silly registry.get     vary: 'Accept',
23 silly registry.get     'keep-alive': 'timeout=10, max=50',
23 silly registry.get     connection: 'Keep-Alive' } ]
24 silly addNameRange number 2 { name: 'jshint-stylish', range: '*', hasData: true }
25 silly addNameRange versions [ 'jshint-stylish',
25 silly addNameRange   [ '0.1.0',
25 silly addNameRange     '0.1.1',
25 silly addNameRange     '0.1.2',
25 silly addNameRange     '0.1.3',
25 silly addNameRange     '0.1.4',
25 silly addNameRange     '0.1.5',
25 silly addNameRange     '0.2.0',
25 silly addNameRange     '0.3.0',
25 silly addNameRange     '0.4.0' ] ]
26 verbose addNamed [ 'jshint-stylish', '0.4.0' ]
27 verbose addNamed [ '0.4.0', '0.4.0' ]
28 silly lockFile 2526a52b-jshint-stylish-0-4-0 jshint-stylish@0.4.0
29 verbose lock jshint-stylish@0.4.0 /home/soyaku/.npm/2526a52b-jshint-stylish-0-4-0.lock
30 silly lockFile 506c81a7-stylish-jshint-stylish-0-4-0-tgz https://registry.npmjs.org/jshint-stylish/-/jshint-stylish-0.4.0.tgz
31 verbose lock https://registry.npmjs.org/jshint-stylish/-/jshint-stylish-0.4.0.tgz /home/soyaku/.npm/506c81a7-stylish-jshint-stylish-0-4-0-tgz.lock
32 verbose addRemoteTarball [ 'https://registry.npmjs.org/jshint-stylish/-/jshint-stylish-0.4.0.tgz',
32 verbose addRemoteTarball   'd785caf657926768145ed070f70f0f1ec536f8c6' ]
33 silly lockFile 506c81a7-stylish-jshint-stylish-0-4-0-tgz https://registry.npmjs.org/jshint-stylish/-/jshint-stylish-0.4.0.tgz
34 silly lockFile 506c81a7-stylish-jshint-stylish-0-4-0-tgz https://registry.npmjs.org/jshint-stylish/-/jshint-stylish-0.4.0.tgz
35 silly lockFile 2526a52b-jshint-stylish-0-4-0 jshint-stylish@0.4.0
36 silly lockFile 2526a52b-jshint-stylish-0-4-0 jshint-stylish@0.4.0
37 silly lockFile f26fdf17-jshint-stylish jshint-stylish@
38 silly lockFile f26fdf17-jshint-stylish jshint-stylish@
39 error Error: EACCES, mkdir '/home/soyaku/tmp/npm-5312-5cB5TuTi'
39 error  { [Error: EACCES, mkdir '/home/soyaku/tmp/npm-5312-5cB5TuTi']
39 error   errno: 3,
39 error   code: 'EACCES',
39 error   path: '/home/soyaku/tmp/npm-5312-5cB5TuTi' }
40 error Please try running this command again as root/Administrator.
41 error System Linux 3.13.0-35-generic
42 error command "/usr/bin/nodejs" "/usr/bin/npm" "install" "jshint-stylish" "--save-dev"
43 error cwd /home/soyaku/apps/code/ng-weather
44 error node -v v0.10.25
45 error npm -v 1.3.10
46 error path /home/soyaku/tmp/npm-5312-5cB5TuTi
47 error code EACCES
48 error errno 3
49 error stack Error: EACCES, mkdir '/home/soyaku/tmp/npm-5312-5cB5TuTi'
50 verbose exit [ 3, true ]
